<?xml version="1.0" encoding="UTF-8"?>
<!-- Generated by org.testng.reporters.JUnitReportReporter -->
<testsuite skipped="0" hostname="WKWIN8053264" name="test.api.automation.TC_001_GETMETHODS" tests="1" failures="0" timestamp="13 Jan 2019 13:39:17 GMT" time="2.623" errors="0">
  <testcase name="tc__01" time="2.623" classname="test.api.automation.TC_001_GETMETHODS"/>
</testsuite> <!-- test.api.automation.TC_001_GETMETHODS -->
