<?xml version="1.0" encoding="UTF-8"?>
<!-- Generated by org.testng.reporters.JUnitReportReporter -->
<testsuite skipped="0" hostname="WKWIN8053264" name="mavenprogram.mavenprogram.excutionTest" tests="1" failures="0" timestamp="13 Jan 2019 06:05:40 GMT" time="14.929" errors="0">
  <testcase name="amazon" time="14.929" classname="mavenprogram.mavenprogram.excutionTest"/>
</testsuite> <!-- mavenprogram.mavenprogram.excutionTest -->
